Using pre-set license
Built from '2020.2/staging' branch; Version is '2020.2.7f1 (c53830e277f1) revision 12924976'; Using compiler version '192528614'; Build Type 'Release'
OS: 'Windows 10 Pro; OS build 19042.985; Version 2009; 64bit' Language: 'en' Physical Memory: 16332 MB
BatchMode: 1, IsHumanControllingUs: 0, StartBugReporterOnCrash: 0, Is64bit: 1, IsPro: 0

 COMMAND LINE ARGUMENTS:
C:\Program Files\Unity\Editor\Unity.exe
-adb2
-batchMode
-noUpm
-name
AssetImportWorker0
-projectPath
C:/Users/nipun/Documents/Car_HDRP_Asset
-logFile
Logs/AssetImportWorker0.log
-srvPort
51734
Successfully changed project path to: C:/Users/nipun/Documents/Car_HDRP_Asset
C:/Users/nipun/Documents/Car_HDRP_Asset
Using Asset Import Pipeline V2.
Refreshing native plugins compatible for Editor in 183.90 ms, found 3 plugins.
Preloading 0 native plugins for Editor in 0.00 ms.
Initialize engine version: 2020.2.7f1 (c53830e277f1)
[Subsystems] Discovering subsystems at path C:/Program Files/Unity/Editor/Data/Resources/UnitySubsystems
[Subsystems] Discovering subsystems at path C:/Users/nipun/Documents/Car_HDRP_Asset/Assets
GfxDevice: creating device client; threaded=0
Direct3D:
    Version:  Direct3D 11.0 [level 11.1]
    Renderer: Radeon RX 580 Series (ID=0x67df)
    Vendor:   
    VRAM:     8171 MB
    Driver:   27.20.1034.6
Initialize mono
Mono path[0] = 'C:/Program Files/Unity/Editor/Data/Managed'
Mono path[1] = 'C:/Program Files/Unity/Editor/Data/MonoBleedingEdge/lib/mono/unityjit'
Mono config path = 'C:/Program Files/Unity/Editor/Data/MonoBleedingEdge/etc'
Using monoOptions --debugger-agent=transport=dt_socket,embedding=1,server=y,suspend=n,address=127.0.0.1:56068
Begin MonoManager ReloadAssembly
Registering precompiled unity dll's ...
Register platform support module: C:/Program Files/Unity/Editor/Data/PlaybackEngines/WebGLSupport/UnityEditor.WebGL.Extensions.dll
Register platform support module: C:/Program Files/Unity/Editor/Data/PlaybackEngines/WindowsStandaloneSupport/UnityEditor.WindowsStandalone.Extensions.dll
Registered in 0.004336 seconds.
Native extension for WindowsStandalone target not found
Native extension for WebGL target not found
Refreshing native plugins compatible for Editor in 167.06 ms, found 3 plugins.
Preloading 0 native plugins for Editor in 0.00 ms.
Invoked RoslynAnalysisRunner static constructor.
RoslynAnalysisRunner will not be running.
RoslynAnalysisRunner has terminated.
Mono: successfully reloaded assembly
- Completed reload, in  2.056 seconds
Platform modules already initialized, skipping
Registering precompiled user dll's ...
Registered in 0.004850 seconds.
Begin MonoManager ReloadAssembly
Native extension for WindowsStandalone target not found
Native extension for WebGL target not found
Refreshing native plugins compatible for Editor in 151.30 ms, found 3 plugins.
Preloading 0 native plugins for Editor in 0.00 ms.
Invoked RoslynAnalysisRunner static constructor.
RoslynAnalysisRunner will not be running.
RoslynAnalysisRunner has terminated.
HDRP Internally changed the storage of Cube Cookie to use Octahedral Projection inside the 2D Cookie Atlas. It is recommended that you increase the size of the 2D Cookie Atlas if your cookies no longer fit.
UnityEngine.StackTraceUtility:ExtractStackTrace ()
UnityEngine.DebugLogHandler:LogFormat (UnityEngine.LogType,UnityEngine.Object,string,object[])
UnityEngine.Logger:Log (UnityEngine.LogType,object)
UnityEngine.Debug:Log (object)
UnityEngine.Rendering.HighDefinition.HDRenderPipelineAsset/<>c:<.cctor>b__110_12 (UnityEngine.Rendering.HighDefinition.HDRenderPipelineAsset) (at C:/Users/nipun/Documents/GitHub/Car_HDRP_Asset/Library/PackageCache/com.unity.render-pipelines.high-definition@10.3.1/Runtime/RenderPipeline/HDRenderPipelineAsset.Migration.cs:126)
UnityEngine.Rendering.HighDefinition.MigrationStep`2<UnityEngine.Rendering.HighDefinition.HDRenderPipelineAsset/Version, UnityEngine.Rendering.HighDefinition.HDRenderPipelineAsset>:Migrate (UnityEngine.Rendering.HighDefinition.HDRenderPipelineAsset) (at C:/Users/nipun/Documents/GitHub/Car_HDRP_Asset/Library/PackageCache/com.unity.render-pipelines.high-definition@10.3.1/Runtime/Core/Migration/MigrationStep.cs:52)
UnityEngine.Rendering.HighDefinition.MigrationDescription`2<UnityEngine.Rendering.HighDefinition.HDRenderPipelineAsset/Version, UnityEngine.Rendering.HighDefinition.HDRenderPipelineAsset>:Migrate (UnityEngine.Rendering.HighDefinition.HDRenderPipelineAsset) (at C:/Users/nipun/Documents/GitHub/Car_HDRP_Asset/Library/PackageCache/com.unity.render-pipelines.high-definition@10.3.1/Runtime/Core/Migration/MigrationDescription.cs:101)
UnityEngine.Rendering.HighDefinition.HDRenderPipelineAsset:OnEnable () (at C:/Users/nipun/Documents/GitHub/Car_HDRP_Asset/Library/PackageCache/com.unity.render-pipelines.high-definition@10.3.1/Runtime/RenderPipeline/HDRenderPipelineAsset.Migration.cs:146)
UnityEngine.Rendering.GraphicsSettings:get_currentRenderPipeline ()
UnityEditor.Rendering.HighDefinition.HDBakedReflectionSystem:Initialize () (at C:/Users/nipun/Documents/GitHub/Car_HDRP_Asset/Library/PackageCache/com.unity.render-pipelines.high-definition@10.3.1/Editor/Lighting/Reflection/HDBakedReflectionSystem.cs:42)

(Filename: C:/Users/nipun/Documents/GitHub/Car_HDRP_Asset/Library/PackageCache/com.unity.render-pipelines.high-definition@10.3.1/Runtime/RenderPipeline/HDRenderPipelineAsset.Migration.cs Line: 126)

Mono: successfully reloaded assembly
- Completed reload, in  2.380 seconds
Platform modules already initialized, skipping
========================================================================
Worker process is ready to serve import requests
Launched and connected shader compiler UnityShaderCompiler.exe after 0.10 seconds
Refreshing native plugins compatible for Editor in 1.46 ms, found 3 plugins.
Preloading 0 native plugins for Editor in 0.00 ms.
Unloading 3509 Unused Serialized files (Serialized files now loaded: 0)
System memory in use before: 184.2 MB.
System memory in use after: 184.4 MB.

Unloading 17 unused Assets to reduce memory usage. Loaded Objects now: 3952.
Total: 7.122600 ms (FindLiveObjects: 1.017900 ms CreateObjectMapping: 0.508600 ms MarkObjects: 5.447700 ms  DeleteObjects: 0.144500 ms)

========================================================================
Received Import Request.
  path: Assets/3D_Models/Cars/Mercedes_Benz_S_Class_C217.prefab
  artifactKey: Guid(a5f7043a16cafe848aae935c802cff8a) Importer(815301076,1909f56bfc062723c751e8b465ee728b)
Start importing Assets/3D_Models/Cars/Mercedes_Benz_S_Class_C217.prefab using Guid(a5f7043a16cafe848aae935c802cff8a) Importer(815301076,1909f56bfc062723c751e8b465ee728b)  -> (artifact id: '20c6323d52d98632a3772355286395ea') in 1.765021 seconds
  Import took 1.797454 seconds .

========================================================================
Received Import Request.
  Time since last request: 26.095374 seconds.
  path: Assets/HDRP/Graphs/CarPaint.shadergraph
  artifactKey: Guid(c7773ed5ee5bae642a200a36718b50f3) Importer(815301076,1909f56bfc062723c751e8b465ee728b)
Start importing Assets/HDRP/Graphs/CarPaint.shadergraph using Guid(c7773ed5ee5bae642a200a36718b50f3) Importer(815301076,1909f56bfc062723c751e8b465ee728b)  -> (artifact id: '93147b09d63edc86b1f264fe7dd27527') in 4.763735 seconds
  Import took 4.776922 seconds .

========================================================================
Received Import Request.
  Time since last request: 0.415111 seconds.
  path: Assets/HDRP/Settings/GBX_Global_Black.asset
  artifactKey: Guid(118c8f9f8a14ad54b9aaf23273fdd296) Importer(815301076,1909f56bfc062723c751e8b465ee728b)
Start importing Assets/HDRP/Settings/GBX_Global_Black.asset using Guid(118c8f9f8a14ad54b9aaf23273fdd296) Importer(815301076,1909f56bfc062723c751e8b465ee728b)  -> (artifact id: '65336e27ca2208775dcc90a81ca2da80') in 28.062007 seconds
  Import took 28.073695 seconds .

========================================================================
Received Import Request.
  Time since last request: 0.000428 seconds.
  path: Assets/HDRP/Settings/Skybox_05.asset
  artifactKey: Guid(3d69650ee38661c47b4404b2dbe3e922) Importer(815301076,1909f56bfc062723c751e8b465ee728b)
Start importing Assets/HDRP/Settings/Skybox_05.asset using Guid(3d69650ee38661c47b4404b2dbe3e922) Importer(815301076,1909f56bfc062723c751e8b465ee728b)  -> (artifact id: '3dbccab6349aff8fbfd647734ca376aa') in 4.745442 seconds
  Import took 4.757005 seconds .

========================================================================
Received Import Request.
  Time since last request: 0.000484 seconds.
  path: Assets/HDRP/Settings/Skybox_01.asset
  artifactKey: Guid(d1736bc1d29f3f644a9d14e02476980d) Importer(815301076,1909f56bfc062723c751e8b465ee728b)
Start importing Assets/HDRP/Settings/Skybox_01.asset using Guid(d1736bc1d29f3f644a9d14e02476980d) Importer(815301076,1909f56bfc062723c751e8b465ee728b)  -> (artifact id: '76eb75875ad93065e59b6c6f1861d33e') in 4.738187 seconds
  Import took 4.749662 seconds .

========================================================================
Received Import Request.
  Time since last request: 0.000488 seconds.
  path: Assets/HDRP/Settings/Skybox_04.asset
  artifactKey: Guid(bf3dc397e743ba840aeb41235bd161f3) Importer(815301076,1909f56bfc062723c751e8b465ee728b)
Start importing Assets/HDRP/Settings/Skybox_04.asset using Guid(bf3dc397e743ba840aeb41235bd161f3) Importer(815301076,1909f56bfc062723c751e8b465ee728b)  -> (artifact id: '555f921194b7a28cdbf41183afe193b2') in 5.906861 seconds
  Import took 5.919861 seconds .

========================================================================
Received Import Request.
  Time since last request: 0.000374 seconds.
  path: Assets/HDRP/Settings/Skybox_02.asset
  artifactKey: Guid(9ed7a9f4f9fba004c8d3dffc7790878c) Importer(815301076,1909f56bfc062723c751e8b465ee728b)
Start importing Assets/HDRP/Settings/Skybox_02.asset using Guid(9ed7a9f4f9fba004c8d3dffc7790878c) Importer(815301076,1909f56bfc062723c751e8b465ee728b)  -> (artifact id: '2e51e035f6a2f2369bdc66e1e15cf3f9') in 0.024137 seconds
  Import took 4.744429 seconds .

========================================================================
Received Import Request.
  Time since last request: 0.000419 seconds.
  path: Assets/HDRP/Settings/GBX_Render_HDRP.asset
  artifactKey: Guid(7f182870d038d5d40a64a3b8b94e5901) Importer(815301076,1909f56bfc062723c751e8b465ee728b)
Start importing Assets/HDRP/Settings/GBX_Render_HDRP.asset using Guid(7f182870d038d5d40a64a3b8b94e5901) Importer(815301076,1909f56bfc062723c751e8b465ee728b) HDRP Internally changed the storage of Cube Cookie to use Octahedral Projection inside the 2D Cookie Atlas. It is recommended that you increase the size of the 2D Cookie Atlas if your cookies no longer fit.
UnityEngine.StackTraceUtility:ExtractStackTrace ()
UnityEngine.DebugLogHandler:LogFormat (UnityEngine.LogType,UnityEngine.Object,string,object[])
UnityEngine.Logger:Log (UnityEngine.LogType,object)
UnityEngine.Debug:Log (object)
UnityEngine.Rendering.HighDefinition.HDRenderPipelineAsset/<>c:<.cctor>b__110_12 (UnityEngine.Rendering.HighDefinition.HDRenderPipelineAsset) (at C:/Users/nipun/Documents/GitHub/Car_HDRP_Asset/Library/PackageCache/com.unity.render-pipelines.high-definition@10.3.1/Runtime/RenderPipeline/HDRenderPipelineAsset.Migration.cs:126)
UnityEngine.Rendering.HighDefinition.MigrationStep`2<UnityEngine.Rendering.HighDefinition.HDRenderPipelineAsset/Version, UnityEngine.Rendering.HighDefinition.HDRenderPipelineAsset>:Migrate (UnityEngine.Rendering.HighDefinition.HDRenderPipelineAsset) (at C:/Users/nipun/Documents/GitHub/Car_HDRP_Asset/Library/PackageCache/com.unity.render-pipelines.high-definition@10.3.1/Runtime/Core/Migration/MigrationStep.cs:52)
UnityEngine.Rendering.HighDefinition.MigrationDescription`2<UnityEngine.Rendering.HighDefinition.HDRenderPipelineAsset/Version, UnityEngine.Rendering.HighDefinition.HDRenderPipelineAsset>:Migrate (UnityEngine.Rendering.HighDefinition.HDRenderPipelineAsset) (at C:/Users/nipun/Documents/GitHub/Car_HDRP_Asset/Library/PackageCache/com.unity.render-pipelines.high-definition@10.3.1/Runtime/Core/Migration/MigrationDescription.cs:101)
UnityEngine.Rendering.HighDefinition.HDRenderPipelineAsset:OnEnable () (at C:/Users/nipun/Documents/GitHub/Car_HDRP_Asset/Library/PackageCache/com.unity.render-pipelines.high-definition@10.3.1/Runtime/RenderPipeline/HDRenderPipelineAsset.Migration.cs:146)

(Filename: C:/Users/nipun/Documents/GitHub/Car_HDRP_Asset/Library/PackageCache/com.unity.render-pipelines.high-definition@10.3.1/Runtime/RenderPipeline/HDRenderPipelineAsset.Migration.cs Line: 126)

 -> (artifact id: 'e6a38fa79d0aa5df641a1eec8f9d3f86') in 0.018886 seconds
  Import took 0.030699 seconds .

========================================================================
Received Import Request.
  Time since last request: 0.000508 seconds.
  path: Assets/HDRP/Settings/GBX_Post_Depth.asset
  artifactKey: Guid(32238d8b209890d45a174cecabb57858) Importer(815301076,1909f56bfc062723c751e8b465ee728b)
Start importing Assets/HDRP/Settings/GBX_Post_Depth.asset using Guid(32238d8b209890d45a174cecabb57858) Importer(815301076,1909f56bfc062723c751e8b465ee728b)  -> (artifact id: 'be72b4d13aed008daff55a6edaca91c2') in 9.459469 seconds
  Import took 9.472629 seconds .

========================================================================
Received Import Request.
  Time since last request: 0.000433 seconds.
  path: Assets/HDRP/Settings/GBX_Post_IR.asset
  artifactKey: Guid(856d5e17b3827f04eba1fe17c675ec96) Importer(815301076,1909f56bfc062723c751e8b465ee728b)
Start importing Assets/HDRP/Settings/GBX_Post_IR.asset using Guid(856d5e17b3827f04eba1fe17c675ec96) Importer(815301076,1909f56bfc062723c751e8b465ee728b)  -> (artifact id: '6f68cc064156dcad77374e846c9287cd') in 2.128681 seconds
  Import took 2.153012 seconds .

========================================================================
Received Import Request.
  Time since last request: 0.025759 seconds.
  path: Assets/HDRP/Settings/GBX_Post_Gray.asset
  artifactKey: Guid(fafe36b8d3347e646a21fd612fb0cc8d) Importer(815301076,1909f56bfc062723c751e8b465ee728b)
Start importing Assets/HDRP/Settings/GBX_Post_Gray.asset using Guid(fafe36b8d3347e646a21fd612fb0cc8d) Importer(815301076,1909f56bfc062723c751e8b465ee728b)  -> (artifact id: '92fcf6b1bb871ec8dabc7102d9461a43') in 0.259677 seconds
  Import took 0.331487 seconds .

========================================================================
Received Import Request.
  Time since last request: 0.001206 seconds.
  path: Assets/HDRP/Settings/GBX_Post_Black.asset
  artifactKey: Guid(e19e67120a9a5eb409c355dded0f4935) Importer(815301076,1909f56bfc062723c751e8b465ee728b)
Start importing Assets/HDRP/Settings/GBX_Post_Black.asset using Guid(e19e67120a9a5eb409c355dded0f4935) Importer(815301076,1909f56bfc062723c751e8b465ee728b)  -> (artifact id: 'fd90b778d4e21fb533872e0cf131fb45') in 0.026966 seconds
  Import took 0.041024 seconds .

========================================================================
Received Import Request.
  Time since last request: 0.003420 seconds.
  path: Assets/HDRP/Settings/Skyxox_03.asset
  artifactKey: Guid(362cf40cd56fc66469a9813465cdfc4a) Importer(815301076,1909f56bfc062723c751e8b465ee728b)
Start importing Assets/HDRP/Settings/Skyxox_03.asset using Guid(362cf40cd56fc66469a9813465cdfc4a) Importer(815301076,1909f56bfc062723c751e8b465ee728b)  -> (artifact id: '36918a302054b6be3c7667c7d23818f4') in 5.765232 seconds
  Import took 5.776435 seconds .

AssetImportWorkerClient::OnTransportError - code=2 error=End of file
